2022-08-24 13:50:28,747 - An ERROR Message
2022-08-24 13:50:28,748 - An ERROR Message
2022-08-24 13:50:28,748 - An ERROR Message
2022-08-24 13:50:28,749 - An ERROR Message
2022-08-24 13:50:28,749 - An ERROR Message
2022-08-24 13:50:28,749 - An ERROR Message
2022-08-24 13:50:28,749 - An ERROR Message
2022-08-24 13:50:28,749 - An ERROR Message
2022-08-24 13:50:28,749 - An ERROR Message
2022-08-24 13:50:28,750 - An ERROR Message
2022-08-24 13:50:28,750 - An ERROR Message
2022-08-24 13:50:28,750 - An ERROR Message
2022-08-24 13:50:28,750 - An ERROR Message
2022-08-24 13:50:28,761 - An ERROR Message
2022-08-24 13:50:28,761 - An ERROR Message
2022-08-24 13:50:28,761 - An ERROR Message
2022-08-24 13:50:28,761 - An ERROR Message
2022-08-24 13:50:28,761 - An ERROR Message
2022-08-24 13:50:28,762 - An ERROR Message
2022-08-24 13:50:28,762 - An ERROR Message
2022-08-24 13:50:28,762 - An ERROR Message
2022-08-24 13:50:28,762 - An ERROR Message
2022-08-24 13:50:28,762 - An ERROR Message
2022-08-24 13:50:28,762 - An ERROR Message
2022-08-24 13:50:28,762 - An ERROR Message
2022-08-24 13:50:28,762 - An ERROR Message
2022-08-24 13:50:28,763 - An ERROR Message
2022-08-24 13:50:28,763 - An ERROR Message
2022-08-24 13:50:28,763 - An ERROR Message
2022-08-24 13:50:28,763 - An ERROR Message
2022-08-24 13:50:28,763 - An ERROR Message
2022-08-24 13:50:28,763 - An ERROR Message
2022-08-24 13:50:28,763 - An ERROR Message
2022-08-24 13:50:28,763 - An ERROR Message
2022-08-24 13:50:28,763 - An ERROR Message
2022-08-24 13:50:28,763 - An ERROR Message
2022-08-24 13:50:28,763 - An ERROR Message
2022-08-24 13:50:28,763 - An ERROR Message
2022-08-24 13:50:28,763 - An ERROR Message
2022-08-24 13:50:28,763 - An ERROR Message
2022-08-24 13:50:28,764 - An ERROR Message
2022-08-24 13:50:28,764 - An ERROR Message
2022-08-24 13:50:28,764 - An ERROR Message
2022-08-24 13:50:28,764 - An ERROR Message
2022-08-24 13:50:28,764 - An ERROR Message
2022-08-24 13:50:28,764 - An ERROR Message
2022-08-24 13:50:28,764 - An ERROR Message
2022-08-24 13:50:28,764 - An ERROR Message
2022-08-24 13:50:28,764 - An ERROR Message
2022-08-24 13:50:28,764 - An ERROR Message
2022-08-24 13:50:28,764 - An ERROR Message
2022-08-24 13:50:28,765 - An ERROR Message
2022-08-24 13:50:28,765 - An ERROR Message
2022-08-24 13:50:28,765 - An ERROR Message
2022-08-24 13:50:28,765 - An ERROR Message
2022-08-24 13:50:28,765 - An ERROR Message
2022-08-24 13:50:28,765 - An ERROR Message
2022-08-24 13:50:28,765 - An ERROR Message
2022-08-24 13:50:28,765 - An ERROR Message
2022-08-24 13:50:28,765 - An ERROR Message
2022-08-24 13:50:28,765 - An ERROR Message
2022-08-24 13:50:28,766 - An ERROR Message
2022-08-24 13:50:28,766 - An ERROR Message
2022-08-24 13:50:28,766 - An ERROR Message
2022-08-24 13:50:28,766 - An ERROR Message
2022-08-24 13:50:28,766 - An ERROR Message
2022-08-24 13:50:28,766 - An ERROR Message
2022-08-24 13:50:28,766 - An ERROR Message
2022-08-24 13:50:28,766 - An ERROR Message
2022-08-24 13:50:28,766 - An ERROR Message
2022-08-24 13:50:28,766 - An ERROR Message
2022-08-24 13:50:28,766 - An ERROR Message
2022-08-24 13:50:28,766 - An ERROR Message
2022-08-24 13:50:28,766 - An ERROR Message
2022-08-24 13:50:28,767 - An ERROR Message
2022-08-24 13:50:28,767 - An ERROR Message
2022-08-24 13:50:28,767 - An ERROR Message
2022-08-24 13:50:28,767 - An ERROR Message
2022-08-24 13:50:28,767 - An ERROR Message
2022-08-24 13:50:28,767 - An ERROR Message
2022-08-24 13:50:28,767 - An ERROR Message
2022-08-24 13:50:28,767 - An ERROR Message
2022-08-24 13:50:28,767 - An ERROR Message
2022-08-24 13:50:28,767 - An ERROR Message
2022-08-24 13:50:28,768 - An ERROR Message
2022-08-24 13:50:28,768 - An ERROR Message
2022-08-24 13:50:28,768 - An ERROR Message
2022-08-24 13:50:28,768 - An ERROR Message
2022-08-24 13:50:28,768 - An ERROR Message
2022-08-24 13:50:28,768 - An ERROR Message
2022-08-24 13:50:28,768 - An ERROR Message
2022-08-24 13:50:28,768 - An ERROR Message
2022-08-24 13:50:28,768 - An ERROR Message
2022-08-24 13:50:28,769 - An ERROR Message
2022-08-24 13:50:28,769 - An ERROR Message
2022-08-24 13:50:28,769 - An ERROR Message
2022-08-24 13:50:28,769 - An ERROR Message
2022-08-24 13:50:28,769 - An ERROR Message
2022-08-24 13:50:28,769 - An ERROR Message
2022-08-24 13:50:28,769 - An ERROR Message
2022-08-24 13:50:28,769 - An ERROR Message
2022-08-24 13:50:29,190 - An ERROR Message
2022-08-24 13:50:29,190 - An ERROR Message
2022-08-24 13:50:29,191 - An ERROR Message
2022-08-24 13:50:29,191 - An ERROR Message
2022-08-24 13:50:29,191 - An ERROR Message
2022-08-24 13:50:29,191 - An ERROR Message
2022-08-24 13:50:29,191 - An ERROR Message
2022-08-24 13:50:29,191 - An ERROR Message
2022-08-24 13:50:29,191 - An ERROR Message
2022-08-24 13:50:29,191 - An ERROR Message
2022-08-24 13:50:29,191 - An ERROR Message
2022-08-24 13:50:29,191 - An ERROR Message
2022-08-24 13:50:29,191 - An ERROR Message
2022-08-24 13:50:29,191 - An ERROR Message
2022-08-24 13:50:29,191 - An ERROR Message
2022-08-24 13:50:29,192 - An ERROR Message
2022-08-24 13:50:29,192 - An ERROR Message
2022-08-24 13:50:29,192 - An ERROR Message
2022-08-24 13:50:29,192 - An ERROR Message
2022-08-24 13:50:29,192 - An ERROR Message
2022-08-24 13:50:29,192 - An ERROR Message
2022-08-24 13:50:29,192 - An ERROR Message
2022-08-24 13:50:29,192 - An ERROR Message
2022-08-24 13:50:29,192 - An ERROR Message
2022-08-24 13:50:29,192 - An ERROR Message
2022-08-24 13:50:29,192 - An ERROR Message
2022-08-24 13:50:29,193 - An ERROR Message
2022-08-24 13:50:29,193 - An ERROR Message
2022-08-24 13:50:29,193 - An ERROR Message
2022-08-24 13:50:29,193 - An ERROR Message
2022-08-24 13:50:29,193 - An ERROR Message
2022-08-24 13:50:29,193 - An ERROR Message
2022-08-24 13:50:29,193 - An ERROR Message
2022-08-24 13:50:29,193 - An ERROR Message
2022-08-24 13:50:29,193 - An ERROR Message
2022-08-24 13:50:29,193 - An ERROR Message
2022-08-24 13:50:29,193 - An ERROR Message
2022-08-24 13:50:29,194 - An ERROR Message
2022-08-24 13:50:29,194 - An ERROR Message
2022-08-24 13:50:29,194 - An ERROR Message
2022-08-24 13:50:29,194 - An ERROR Message
2022-08-24 13:50:29,194 - An ERROR Message
2022-08-24 13:50:29,194 - An ERROR Message
2022-08-24 13:50:29,194 - An ERROR Message
2022-08-24 13:50:29,194 - An ERROR Message
2022-08-24 13:50:29,194 - An ERROR Message
2022-08-24 13:50:29,194 - An ERROR Message
2022-08-24 13:50:29,194 - An ERROR Message
2022-08-24 13:50:29,194 - An ERROR Message
2022-08-24 13:50:29,194 - An ERROR Message
2022-08-24 13:50:29,194 - An ERROR Message
2022-08-24 13:50:29,194 - An ERROR Message
2022-08-24 13:50:29,194 - An ERROR Message
2022-08-24 13:50:29,194 - An ERROR Message
2022-08-24 13:50:29,194 - An ERROR Message
2022-08-24 13:50:29,195 - An ERROR Message
2022-08-24 13:50:29,195 - An ERROR Message
2022-08-24 13:50:29,195 - An ERROR Message
2022-08-24 13:50:29,195 - An ERROR Message
2022-08-24 13:50:29,195 - An ERROR Message
2022-08-24 13:50:29,195 - An ERROR Message
2022-08-24 13:50:29,195 - An ERROR Message
2022-08-24 13:50:29,195 - An ERROR Message
2022-08-24 13:50:29,195 - An ERROR Message
2022-08-24 13:50:29,195 - An ERROR Message
2022-08-24 13:50:29,195 - An ERROR Message
2022-08-24 13:50:29,195 - An ERROR Message
2022-08-24 13:50:29,195 - An ERROR Message
2022-08-24 13:50:29,195 - An ERROR Message
2022-08-24 13:50:29,195 - An ERROR Message
2022-08-24 13:50:29,195 - An ERROR Message
2022-08-24 13:50:29,195 - An ERROR Message
2022-08-24 13:50:29,195 - An ERROR Message
2022-08-24 13:50:29,195 - An ERROR Message
2022-08-24 13:50:29,196 - An ERROR Message
2022-08-24 13:50:29,196 - An ERROR Message
2022-08-24 13:50:29,196 - An ERROR Message
2022-08-24 13:50:29,196 - An ERROR Message
2022-08-24 13:50:29,196 - An ERROR Message
2022-08-24 13:50:29,196 - An ERROR Message
2022-08-24 13:50:29,196 - An ERROR Message
2022-08-24 13:50:29,196 - An ERROR Message
2022-08-24 13:50:29,196 - An ERROR Message
2022-08-24 13:50:29,196 - An ERROR Message
2022-08-24 13:50:29,196 - An ERROR Message
2022-08-24 13:50:29,196 - An ERROR Message
2022-08-24 13:50:29,196 - An ERROR Message
2022-08-24 13:50:29,196 - An ERROR Message
2022-08-24 13:50:29,196 - An ERROR Message
2022-08-24 13:50:29,196 - An ERROR Message
2022-08-24 13:50:29,196 - An ERROR Message
2022-08-24 13:50:29,196 - An ERROR Message
2022-08-24 13:50:29,196 - An ERROR Message
2022-08-24 13:50:29,197 - An ERROR Message
2022-08-24 13:50:29,197 - An ERROR Message
2022-08-24 13:50:29,197 - An ERROR Message
2022-08-24 13:50:29,197 - An ERROR Message
2022-08-24 13:50:29,197 - An ERROR Message
2022-08-24 13:50:29,197 - An ERROR Message
2022-08-24 13:50:29,197 - An ERROR Message
2022-08-24 13:50:29,197 - An ERROR Message
2022-08-24 13:50:29,779 - An ERROR Message
2022-08-24 13:50:29,779 - An ERROR Message
2022-08-24 13:50:29,780 - An ERROR Message
2022-08-24 13:50:29,780 - An ERROR Message
2022-08-24 13:50:29,780 - An ERROR Message
2022-08-24 13:50:29,780 - An ERROR Message
2022-08-24 13:50:29,780 - An ERROR Message
2022-08-24 13:50:29,780 - An ERROR Message
2022-08-24 13:50:29,780 - An ERROR Message
2022-08-24 13:50:29,780 - An ERROR Message
2022-08-24 13:50:29,780 - An ERROR Message
2022-08-24 13:50:29,780 - An ERROR Message
2022-08-24 13:50:29,780 - An ERROR Message
2022-08-24 13:50:29,780 - An ERROR Message
2022-08-24 13:50:29,780 - An ERROR Message
2022-08-24 13:50:29,780 - An ERROR Message
2022-08-24 13:50:29,780 - An ERROR Message
2022-08-24 13:50:29,780 - An ERROR Message
2022-08-24 13:50:29,781 - An ERROR Message
2022-08-24 13:50:29,781 - An ERROR Message
2022-08-24 13:50:29,781 - An ERROR Message
2022-08-24 13:50:29,781 - An ERROR Message
2022-08-24 13:50:29,781 - An ERROR Message
2022-08-24 13:50:29,781 - An ERROR Message
2022-08-24 13:50:29,781 - An ERROR Message
2022-08-24 13:50:29,781 - An ERROR Message
2022-08-24 13:50:29,781 - An ERROR Message
2022-08-24 13:50:29,781 - An ERROR Message
2022-08-24 13:50:29,781 - An ERROR Message
2022-08-24 13:50:29,781 - An ERROR Message
2022-08-24 13:50:29,781 - An ERROR Message
2022-08-24 13:50:29,781 - An ERROR Message
2022-08-24 13:50:29,781 - An ERROR Message
2022-08-24 13:50:29,781 - An ERROR Message
2022-08-24 13:50:29,781 - An ERROR Message
2022-08-24 13:50:29,781 - An ERROR Message
2022-08-24 13:50:29,781 - An ERROR Message
2022-08-24 13:50:29,781 - An ERROR Message
2022-08-24 13:50:29,782 - An ERROR Message
2022-08-24 13:50:29,782 - An ERROR Message
2022-08-24 13:50:29,782 - An ERROR Message
2022-08-24 13:50:29,782 - An ERROR Message
2022-08-24 13:50:29,782 - An ERROR Message
2022-08-24 13:50:29,782 - An ERROR Message
2022-08-24 13:50:29,782 - An ERROR Message
2022-08-24 13:50:29,782 - An ERROR Message
2022-08-24 13:50:29,782 - An ERROR Message
2022-08-24 13:50:29,782 - An ERROR Message
2022-08-24 13:50:29,782 - An ERROR Message
2022-08-24 13:50:29,782 - An ERROR Message
2022-08-24 13:50:29,782 - An ERROR Message
2022-08-24 13:50:29,782 - An ERROR Message
2022-08-24 13:50:29,782 - An ERROR Message
2022-08-24 13:50:29,782 - An ERROR Message
2022-08-24 13:50:29,782 - An ERROR Message
2022-08-24 13:50:29,782 - An ERROR Message
2022-08-24 13:50:29,782 - An ERROR Message
2022-08-24 13:50:29,782 - An ERROR Message
2022-08-24 13:50:29,782 - An ERROR Message
2022-08-24 13:50:29,783 - An ERROR Message
2022-08-24 13:50:29,783 - An ERROR Message
2022-08-24 13:50:29,783 - An ERROR Message
2022-08-24 13:50:29,783 - An ERROR Message
2022-08-24 13:50:29,783 - An ERROR Message
2022-08-24 13:50:29,783 - An ERROR Message
2022-08-24 13:50:29,783 - An ERROR Message
2022-08-24 13:50:29,783 - An ERROR Message
2022-08-24 13:50:29,783 - An ERROR Message
2022-08-24 13:50:29,783 - An ERROR Message
2022-08-24 13:50:29,783 - An ERROR Message
2022-08-24 13:50:29,783 - An ERROR Message
2022-08-24 13:50:29,783 - An ERROR Message
2022-08-24 13:50:29,783 - An ERROR Message
2022-08-24 13:50:29,783 - An ERROR Message
2022-08-24 13:50:29,783 - An ERROR Message
2022-08-24 13:50:29,784 - An ERROR Message
2022-08-24 13:50:29,784 - An ERROR Message
2022-08-24 13:50:29,784 - An ERROR Message
2022-08-24 13:50:29,784 - An ERROR Message
2022-08-24 13:50:29,784 - An ERROR Message
2022-08-24 13:50:29,784 - An ERROR Message
2022-08-24 13:50:29,784 - An ERROR Message
2022-08-24 13:50:29,784 - An ERROR Message
2022-08-24 13:50:29,784 - An ERROR Message
2022-08-24 13:50:29,784 - An ERROR Message
2022-08-24 13:50:29,784 - An ERROR Message
2022-08-24 13:50:29,784 - An ERROR Message
2022-08-24 13:50:29,784 - An ERROR Message
2022-08-24 13:50:29,784 - An ERROR Message
2022-08-24 13:50:29,784 - An ERROR Message
2022-08-24 13:50:29,784 - An ERROR Message
2022-08-24 13:50:29,784 - An ERROR Message
2022-08-24 13:50:29,784 - An ERROR Message
2022-08-24 13:50:29,784 - An ERROR Message
2022-08-24 13:50:29,784 - An ERROR Message
2022-08-24 13:50:29,784 - An ERROR Message
2022-08-24 13:50:29,784 - An ERROR Message
2022-08-24 13:50:29,784 - An ERROR Message
2022-08-24 13:50:29,784 - An ERROR Message
2022-08-24 13:50:29,784 - An ERROR Message
2022-08-24 13:50:29,784 - An ERROR Message
2022-08-24 13:50:30,238 - An ERROR Message
2022-08-24 13:50:30,239 - An ERROR Message
2022-08-24 13:50:30,239 - An ERROR Message
2022-08-24 13:50:30,239 - An ERROR Message
2022-08-24 13:50:30,239 - An ERROR Message
2022-08-24 13:50:30,239 - An ERROR Message
2022-08-24 13:50:30,239 - An ERROR Message
2022-08-24 13:50:30,239 - An ERROR Message
2022-08-24 13:50:30,239 - An ERROR Message
2022-08-24 13:50:30,239 - An ERROR Message
2022-08-24 13:50:30,239 - An ERROR Message
2022-08-24 13:50:30,239 - An ERROR Message
2022-08-24 13:50:30,239 - An ERROR Message
2022-08-24 13:50:30,239 - An ERROR Message
2022-08-24 13:50:30,239 - An ERROR Message
2022-08-24 13:50:30,239 - An ERROR Message
2022-08-24 13:50:30,239 - An ERROR Message
2022-08-24 13:50:30,239 - An ERROR Message
2022-08-24 13:50:30,240 - An ERROR Message
2022-08-24 13:50:30,240 - An ERROR Message
2022-08-24 13:50:30,240 - An ERROR Message
2022-08-24 13:50:30,240 - An ERROR Message
2022-08-24 13:50:30,240 - An ERROR Message
2022-08-24 13:50:30,240 - An ERROR Message
2022-08-24 13:50:30,240 - An ERROR Message
2022-08-24 13:50:30,240 - An ERROR Message
2022-08-24 13:50:30,240 - An ERROR Message
2022-08-24 13:50:30,240 - An ERROR Message
2022-08-24 13:50:30,240 - An ERROR Message
2022-08-24 13:50:30,240 - An ERROR Message
2022-08-24 13:50:30,240 - An ERROR Message
2022-08-24 13:50:30,240 - An ERROR Message
2022-08-24 13:50:30,240 - An ERROR Message
2022-08-24 13:50:30,240 - An ERROR Message
2022-08-24 13:50:30,240 - An ERROR Message
2022-08-24 13:50:30,240 - An ERROR Message
2022-08-24 13:50:30,240 - An ERROR Message
2022-08-24 13:50:30,240 - An ERROR Message
2022-08-24 13:50:30,240 - An ERROR Message
2022-08-24 13:50:30,240 - An ERROR Message
2022-08-24 13:50:30,240 - An ERROR Message
2022-08-24 13:50:30,240 - An ERROR Message
2022-08-24 13:50:30,241 - An ERROR Message
2022-08-24 13:50:30,241 - An ERROR Message
2022-08-24 13:50:30,241 - An ERROR Message
2022-08-24 13:50:30,241 - An ERROR Message
2022-08-24 13:50:30,241 - An ERROR Message
2022-08-24 13:50:30,241 - An ERROR Message
2022-08-24 13:50:30,241 - An ERROR Message
2022-08-24 13:50:30,241 - An ERROR Message
2022-08-24 13:50:30,241 - An ERROR Message
2022-08-24 13:50:30,241 - An ERROR Message
2022-08-24 13:50:30,241 - An ERROR Message
2022-08-24 13:50:30,241 - An ERROR Message
2022-08-24 13:50:30,241 - An ERROR Message
2022-08-24 13:50:30,241 - An ERROR Message
2022-08-24 13:50:30,241 - An ERROR Message
2022-08-24 13:50:30,241 - An ERROR Message
2022-08-24 13:50:30,241 - An ERROR Message
2022-08-24 13:50:30,241 - An ERROR Message
2022-08-24 13:50:30,241 - An ERROR Message
2022-08-24 13:50:30,241 - An ERROR Message
2022-08-24 13:50:30,241 - An ERROR Message
2022-08-24 13:50:30,241 - An ERROR Message
2022-08-24 13:50:30,241 - An ERROR Message
2022-08-24 13:50:30,241 - An ERROR Message
2022-08-24 13:50:30,242 - An ERROR Message
2022-08-24 13:50:30,242 - An ERROR Message
2022-08-24 13:50:30,242 - An ERROR Message
2022-08-24 13:50:30,242 - An ERROR Message
2022-08-24 13:50:30,242 - An ERROR Message
2022-08-24 13:50:30,242 - An ERROR Message
2022-08-24 13:50:30,242 - An ERROR Message
2022-08-24 13:50:30,242 - An ERROR Message
2022-08-24 13:50:30,242 - An ERROR Message
2022-08-24 13:50:30,242 - An ERROR Message
2022-08-24 13:50:30,242 - An ERROR Message
2022-08-24 13:50:30,242 - An ERROR Message
2022-08-24 13:50:30,242 - An ERROR Message
2022-08-24 13:50:30,242 - An ERROR Message
2022-08-24 13:50:30,242 - An ERROR Message
2022-08-24 13:50:30,242 - An ERROR Message
2022-08-24 13:50:30,242 - An ERROR Message
2022-08-24 13:50:30,243 - An ERROR Message
2022-08-24 13:50:30,243 - An ERROR Message
2022-08-24 13:50:30,243 - An ERROR Message
2022-08-24 13:50:30,243 - An ERROR Message
2022-08-24 13:50:30,243 - An ERROR Message
2022-08-24 13:50:30,243 - An ERROR Message
2022-08-24 13:50:30,243 - An ERROR Message
2022-08-24 13:50:30,243 - An ERROR Message
2022-08-24 13:50:30,243 - An ERROR Message
2022-08-24 13:50:30,243 - An ERROR Message
2022-08-24 13:50:30,243 - An ERROR Message
2022-08-24 13:50:30,243 - An ERROR Message
2022-08-24 13:50:30,243 - An ERROR Message
2022-08-24 13:50:30,243 - An ERROR Message
2022-08-24 13:50:30,243 - An ERROR Message
2022-08-24 13:50:30,243 - An ERROR Message
2022-08-24 13:50:30,243 - An ERROR Message
2022-08-24 13:50:30,243 - An ERROR Message
2022-08-24 13:50:30,695 - An ERROR Message
2022-08-24 13:50:30,695 - An ERROR Message
2022-08-24 13:50:30,695 - An ERROR Message
2022-08-24 13:50:30,695 - An ERROR Message
2022-08-24 13:50:30,695 - An ERROR Message
2022-08-24 13:50:30,695 - An ERROR Message
2022-08-24 13:50:30,695 - An ERROR Message
2022-08-24 13:50:30,695 - An ERROR Message
2022-08-24 13:50:30,695 - An ERROR Message
2022-08-24 13:50:30,696 - An ERROR Message
2022-08-24 13:50:30,696 - An ERROR Message
2022-08-24 13:50:30,696 - An ERROR Message
2022-08-24 13:50:30,696 - An ERROR Message
2022-08-24 13:50:30,696 - An ERROR Message
2022-08-24 13:50:30,696 - An ERROR Message
2022-08-24 13:50:30,696 - An ERROR Message
2022-08-24 13:50:30,696 - An ERROR Message
2022-08-24 13:50:30,696 - An ERROR Message
2022-08-24 13:50:30,696 - An ERROR Message
2022-08-24 13:50:30,696 - An ERROR Message
2022-08-24 13:50:30,696 - An ERROR Message
2022-08-24 13:50:30,696 - An ERROR Message
2022-08-24 13:50:30,696 - An ERROR Message
2022-08-24 13:50:30,696 - An ERROR Message
2022-08-24 13:50:30,696 - An ERROR Message
2022-08-24 13:50:30,696 - An ERROR Message
2022-08-24 13:50:30,696 - An ERROR Message
2022-08-24 13:50:30,696 - An ERROR Message
2022-08-24 13:50:30,696 - An ERROR Message
2022-08-24 13:50:30,696 - An ERROR Message
2022-08-24 13:50:30,696 - An ERROR Message
2022-08-24 13:50:30,696 - An ERROR Message
2022-08-24 13:50:30,696 - An ERROR Message
2022-08-24 13:50:30,696 - An ERROR Message
2022-08-24 13:50:30,696 - An ERROR Message
2022-08-24 13:50:30,696 - An ERROR Message
2022-08-24 13:50:30,696 - An ERROR Message
2022-08-24 13:50:30,696 - An ERROR Message
2022-08-24 13:50:30,696 - An ERROR Message
2022-08-24 13:50:30,696 - An ERROR Message
2022-08-24 13:50:30,696 - An ERROR Message
2022-08-24 13:50:30,696 - An ERROR Message
2022-08-24 13:50:30,696 - An ERROR Message
2022-08-24 13:50:30,696 - An ERROR Message
2022-08-24 13:50:30,696 - An ERROR Message
2022-08-24 13:50:30,696 - An ERROR Message
2022-08-24 13:50:30,696 - An ERROR Message
2022-08-24 13:50:30,697 - An ERROR Message
2022-08-24 13:50:30,697 - An ERROR Message
2022-08-24 13:50:30,697 - An ERROR Message
2022-08-24 13:50:30,697 - An ERROR Message
2022-08-24 13:50:30,697 - An ERROR Message
2022-08-24 13:50:30,697 - An ERROR Message
2022-08-24 13:50:30,697 - An ERROR Message
2022-08-24 13:50:30,697 - An ERROR Message
2022-08-24 13:50:30,697 - An ERROR Message
2022-08-24 13:50:30,697 - An ERROR Message
2022-08-24 13:50:30,697 - An ERROR Message
2022-08-24 13:50:30,697 - An ERROR Message
2022-08-24 13:50:30,697 - An ERROR Message
2022-08-24 13:50:30,697 - An ERROR Message
2022-08-24 13:50:30,697 - An ERROR Message
2022-08-24 13:50:30,697 - An ERROR Message
2022-08-24 13:50:30,697 - An ERROR Message
2022-08-24 13:50:30,697 - An ERROR Message
2022-08-24 13:50:30,697 - An ERROR Message
2022-08-24 13:50:30,697 - An ERROR Message
2022-08-24 13:50:30,697 - An ERROR Message
2022-08-24 13:50:30,697 - An ERROR Message
2022-08-24 13:50:30,697 - An ERROR Message
2022-08-24 13:50:30,697 - An ERROR Message
2022-08-24 13:50:30,697 - An ERROR Message
2022-08-24 13:50:30,697 - An ERROR Message
2022-08-24 13:50:30,697 - An ERROR Message
2022-08-24 13:50:30,697 - An ERROR Message
2022-08-24 13:50:30,697 - An ERROR Message
2022-08-24 13:50:30,697 - An ERROR Message
2022-08-24 13:50:30,697 - An ERROR Message
2022-08-24 13:50:30,697 - An ERROR Message
2022-08-24 13:50:30,697 - An ERROR Message
2022-08-24 13:50:30,697 - An ERROR Message
2022-08-24 13:50:30,697 - An ERROR Message
2022-08-24 13:50:30,697 - An ERROR Message
2022-08-24 13:50:30,697 - An ERROR Message
2022-08-24 13:50:30,697 - An ERROR Message
2022-08-24 13:50:30,697 - An ERROR Message
2022-08-24 13:50:30,697 - An ERROR Message
2022-08-24 13:50:30,697 - An ERROR Message
2022-08-24 13:50:30,697 - An ERROR Message
2022-08-24 13:50:30,697 - An ERROR Message
2022-08-24 13:50:30,697 - An ERROR Message
2022-08-24 13:50:30,697 - An ERROR Message
2022-08-24 13:50:30,697 - An ERROR Message
2022-08-24 13:50:30,697 - An ERROR Message
2022-08-24 13:50:30,697 - An ERROR Message
2022-08-24 13:50:30,697 - An ERROR Message
2022-08-24 13:50:30,697 - An ERROR Message
2022-08-24 13:50:30,697 - An ERROR Message
2022-08-24 13:50:30,697 - An ERROR Message
2022-08-24 13:50:30,697 - An ERROR Message
2022-08-24 13:50:30,697 - An ERROR Message
2022-08-24 13:50:31,145 - An ERROR Message
2022-08-24 13:50:31,146 - An ERROR Message
2022-08-24 13:50:31,146 - An ERROR Message
2022-08-24 13:50:31,146 - An ERROR Message
2022-08-24 13:50:31,146 - An ERROR Message
2022-08-24 13:50:31,146 - An ERROR Message
2022-08-24 13:50:31,146 - An ERROR Message
2022-08-24 13:50:31,146 - An ERROR Message
2022-08-24 13:50:31,146 - An ERROR Message
2022-08-24 13:50:31,146 - An ERROR Message
2022-08-24 13:50:31,146 - An ERROR Message
2022-08-24 13:50:31,146 - An ERROR Message
2022-08-24 13:50:31,146 - An ERROR Message
2022-08-24 13:50:31,146 - An ERROR Message
2022-08-24 13:50:31,146 - An ERROR Message
2022-08-24 13:50:31,146 - An ERROR Message
2022-08-24 13:50:31,146 - An ERROR Message
2022-08-24 13:50:31,146 - An ERROR Message
2022-08-24 13:50:31,146 - An ERROR Message
2022-08-24 13:50:31,146 - An ERROR Message
2022-08-24 13:50:31,146 - An ERROR Message
2022-08-24 13:50:31,146 - An ERROR Message
2022-08-24 13:50:31,146 - An ERROR Message
2022-08-24 13:50:31,146 - An ERROR Message
2022-08-24 13:50:31,146 - An ERROR Message
2022-08-24 13:50:31,146 - An ERROR Message
2022-08-24 13:50:31,146 - An ERROR Message
2022-08-24 13:50:31,146 - An ERROR Message
2022-08-24 13:50:31,146 - An ERROR Message
2022-08-24 13:50:31,146 - An ERROR Message
2022-08-24 13:50:31,146 - An ERROR Message
2022-08-24 13:50:31,146 - An ERROR Message
2022-08-24 13:50:31,146 - An ERROR Message
2022-08-24 13:50:31,146 - An ERROR Message
2022-08-24 13:50:31,146 - An ERROR Message
2022-08-24 13:50:31,146 - An ERROR Message
2022-08-24 13:50:31,146 - An ERROR Message
2022-08-24 13:50:31,146 - An ERROR Message
2022-08-24 13:50:31,146 - An ERROR Message
2022-08-24 13:50:31,146 - An ERROR Message
2022-08-24 13:50:31,146 - An ERROR Message
2022-08-24 13:50:31,146 - An ERROR Message
2022-08-24 13:50:31,146 - An ERROR Message
2022-08-24 13:50:31,147 - An ERROR Message
2022-08-24 13:50:31,147 - An ERROR Message
2022-08-24 13:50:31,147 - An ERROR Message
2022-08-24 13:50:31,147 - An ERROR Message
2022-08-24 13:50:31,147 - An ERROR Message
2022-08-24 13:50:31,147 - An ERROR Message
2022-08-24 13:50:31,147 - An ERROR Message
2022-08-24 13:50:31,147 - An ERROR Message
2022-08-24 13:50:31,147 - An ERROR Message
2022-08-24 13:50:31,147 - An ERROR Message
2022-08-24 13:50:31,147 - An ERROR Message
2022-08-24 13:50:31,147 - An ERROR Message
2022-08-24 13:50:31,147 - An ERROR Message
2022-08-24 13:50:31,147 - An ERROR Message
2022-08-24 13:50:31,147 - An ERROR Message
2022-08-24 13:50:31,147 - An ERROR Message
2022-08-24 13:50:31,147 - An ERROR Message
2022-08-24 13:50:31,147 - An ERROR Message
2022-08-24 13:50:31,147 - An ERROR Message
2022-08-24 13:50:31,147 - An ERROR Message
2022-08-24 13:50:31,147 - An ERROR Message
2022-08-24 13:50:31,147 - An ERROR Message
2022-08-24 13:50:31,148 - An ERROR Message
2022-08-24 13:50:31,149 - An ERROR Message
2022-08-24 13:50:31,149 - An ERROR Message
2022-08-24 13:50:31,149 - An ERROR Message
2022-08-24 13:50:31,149 - An ERROR Message
2022-08-24 13:50:31,149 - An ERROR Message
2022-08-24 13:50:31,149 - An ERROR Message
2022-08-24 13:50:31,149 - An ERROR Message
2022-08-24 13:50:31,149 - An ERROR Message
2022-08-24 13:50:31,149 - An ERROR Message
2022-08-24 13:50:31,149 - An ERROR Message
2022-08-24 13:50:31,149 - An ERROR Message
2022-08-24 13:50:31,150 - An ERROR Message
2022-08-24 13:50:31,150 - An ERROR Message
2022-08-24 13:50:31,150 - An ERROR Message
2022-08-24 13:50:31,150 - An ERROR Message
2022-08-24 13:50:31,150 - An ERROR Message
2022-08-24 13:50:31,150 - An ERROR Message
2022-08-24 13:50:31,150 - An ERROR Message
2022-08-24 13:50:31,150 - An ERROR Message
2022-08-24 13:50:31,150 - An ERROR Message
2022-08-24 13:50:31,150 - An ERROR Message
2022-08-24 13:50:31,150 - An ERROR Message
2022-08-24 13:50:31,150 - An ERROR Message
2022-08-24 13:50:31,150 - An ERROR Message
2022-08-24 13:50:31,150 - An ERROR Message
2022-08-24 13:50:31,150 - An ERROR Message
2022-08-24 13:50:31,150 - An ERROR Message
2022-08-24 13:50:31,150 - An ERROR Message
2022-08-24 13:50:31,150 - An ERROR Message
2022-08-24 13:50:31,150 - An ERROR Message
2022-08-24 13:50:31,150 - An ERROR Message
2022-08-24 13:50:31,151 - An ERROR Message
2022-08-24 13:50:31,151 - An ERROR Message
2022-08-24 13:50:31,151 - An ERROR Message
2022-08-24 13:50:31,151 - An ERROR Message
2022-08-24 13:50:33,093 - An ERROR Message
2022-08-24 13:50:33,093 - An ERROR Message
2022-08-24 13:50:33,093 - An ERROR Message
2022-08-24 13:50:33,093 - An ERROR Message
2022-08-24 13:50:33,093 - An ERROR Message
2022-08-24 13:50:33,093 - An ERROR Message
2022-08-24 13:50:33,093 - An ERROR Message
2022-08-24 13:50:33,093 - An ERROR Message
2022-08-24 13:50:33,093 - An ERROR Message
2022-08-24 13:50:33,093 - An ERROR Message
2022-08-24 13:50:33,093 - An ERROR Message
2022-08-24 13:50:33,093 - An ERROR Message
2022-08-24 13:50:33,093 - An ERROR Message
2022-08-24 13:50:33,093 - An ERROR Message
2022-08-24 13:50:33,093 - An ERROR Message
2022-08-24 13:50:33,093 - An ERROR Message
2022-08-24 13:50:33,093 - An ERROR Message
2022-08-24 13:50:33,093 - An ERROR Message
2022-08-24 13:50:33,093 - An ERROR Message
2022-08-24 13:50:33,093 - An ERROR Message
2022-08-24 13:50:33,093 - An ERROR Message
2022-08-24 13:50:33,093 - An ERROR Message
2022-08-24 13:50:33,093 - An ERROR Message
2022-08-24 13:50:33,093 - An ERROR Message
2022-08-24 13:50:33,093 - An ERROR Message
2022-08-24 13:50:33,093 - An ERROR Message
2022-08-24 13:50:33,093 - An ERROR Message
2022-08-24 13:50:33,093 - An ERROR Message
2022-08-24 13:50:33,093 - An ERROR Message
2022-08-24 13:50:33,093 - An ERROR Message
2022-08-24 13:50:33,093 - An ERROR Message
2022-08-24 13:50:33,093 - An ERROR Message
2022-08-24 13:50:33,093 - An ERROR Message
2022-08-24 13:50:33,093 - An ERROR Message
2022-08-24 13:50:33,093 - An ERROR Message
2022-08-24 13:50:33,093 - An ERROR Message
2022-08-24 13:50:33,093 - An ERROR Message
2022-08-24 13:50:33,093 - An ERROR Message
2022-08-24 13:50:33,093 - An ERROR Message
2022-08-24 13:50:33,093 - An ERROR Message
2022-08-24 13:50:33,093 - An ERROR Message
2022-08-24 13:50:33,093 - An ERROR Message
2022-08-24 13:50:33,093 - An ERROR Message
2022-08-24 13:50:33,093 - An ERROR Message
2022-08-24 13:50:33,093 - An ERROR Message
2022-08-24 13:50:33,093 - An ERROR Message
2022-08-24 13:50:33,093 - An ERROR Message
2022-08-24 13:50:33,093 - An ERROR Message
2022-08-24 13:50:33,093 - An ERROR Message
2022-08-24 13:50:33,093 - An ERROR Message
2022-08-24 13:50:33,093 - An ERROR Message
2022-08-24 13:50:33,093 - An ERROR Message
2022-08-24 13:50:33,093 - An ERROR Message
2022-08-24 13:50:33,093 - An ERROR Message
2022-08-24 13:50:33,093 - An ERROR Message
2022-08-24 13:50:33,093 - An ERROR Message
2022-08-24 13:50:33,093 - An ERROR Message
2022-08-24 13:50:33,093 - An ERROR Message
2022-08-24 13:50:33,093 - An ERROR Message
2022-08-24 13:50:33,093 - An ERROR Message
2022-08-24 13:50:33,093 - An ERROR Message
2022-08-24 13:50:33,093 - An ERROR Message
2022-08-24 13:50:33,093 - An ERROR Message
2022-08-24 13:50:33,093 - An ERROR Message
2022-08-24 13:50:33,093 - An ERROR Message
2022-08-24 13:50:33,093 - An ERROR Message
2022-08-24 13:50:33,093 - An ERROR Message
2022-08-24 13:50:33,093 - An ERROR Message
2022-08-24 13:50:33,093 - An ERROR Message
2022-08-24 13:50:33,093 - An ERROR Message
2022-08-24 13:50:33,093 - An ERROR Message
2022-08-24 13:50:33,093 - An ERROR Message
2022-08-24 13:50:33,093 - An ERROR Message
2022-08-24 13:50:33,093 - An ERROR Message
2022-08-24 13:50:33,093 - An ERROR Message
2022-08-24 13:50:33,093 - An ERROR Message
2022-08-24 13:50:33,093 - An ERROR Message
2022-08-24 13:50:33,093 - An ERROR Message
2022-08-24 13:50:33,093 - An ERROR Message
2022-08-24 13:50:33,095 - An ERROR Message
2022-08-24 13:50:33,095 - An ERROR Message
2022-08-24 13:50:33,095 - An ERROR Message
2022-08-24 13:50:33,095 - An ERROR Message
2022-08-24 13:50:33,095 - An ERROR Message
2022-08-24 13:50:33,095 - An ERROR Message
2022-08-24 13:50:33,095 - An ERROR Message
2022-08-24 13:50:33,095 - An ERROR Message
2022-08-24 13:50:33,095 - An ERROR Message
2022-08-24 13:50:33,095 - An ERROR Message
2022-08-24 13:50:33,095 - An ERROR Message
2022-08-24 13:50:33,095 - An ERROR Message
2022-08-24 13:50:33,095 - An ERROR Message
2022-08-24 13:50:33,095 - An ERROR Message
2022-08-24 13:50:33,095 - An ERROR Message
2022-08-24 13:50:33,095 - An ERROR Message
2022-08-24 13:50:33,095 - An ERROR Message
2022-08-24 13:50:33,095 - An ERROR Message
2022-08-24 13:50:33,095 - An ERROR Message
2022-08-24 13:50:33,095 - An ERROR Message
2022-08-24 13:50:33,095 - An ERROR Message
2022-08-24 13:50:33,095 - An ERROR Message
2022-08-24 13:50:33,553 - An ERROR Message
2022-08-24 13:50:33,553 - An ERROR Message
2022-08-24 13:50:33,553 - An ERROR Message
2022-08-24 13:50:33,553 - An ERROR Message
2022-08-24 13:50:33,554 - An ERROR Message
2022-08-24 13:50:33,554 - An ERROR Message
2022-08-24 13:50:33,554 - An ERROR Message
2022-08-24 13:50:33,554 - An ERROR Message
2022-08-24 13:50:33,554 - An ERROR Message
2022-08-24 13:50:33,554 - An ERROR Message
2022-08-24 13:50:33,554 - An ERROR Message
2022-08-24 13:50:33,554 - An ERROR Message
2022-08-24 13:50:33,554 - An ERROR Message
2022-08-24 13:50:33,554 - An ERROR Message
2022-08-24 13:50:33,554 - An ERROR Message
2022-08-24 13:50:33,554 - An ERROR Message
2022-08-24 13:50:33,554 - An ERROR Message
2022-08-24 13:50:33,554 - An ERROR Message
2022-08-24 13:50:33,554 - An ERROR Message
2022-08-24 13:50:33,554 - An ERROR Message
2022-08-24 13:50:33,554 - An ERROR Message
2022-08-24 13:50:33,554 - An ERROR Message
2022-08-24 13:50:33,554 - An ERROR Message
2022-08-24 13:50:33,554 - An ERROR Message
2022-08-24 13:50:33,554 - An ERROR Message
2022-08-24 13:50:33,554 - An ERROR Message
2022-08-24 13:50:33,554 - An ERROR Message
2022-08-24 13:50:33,554 - An ERROR Message
2022-08-24 13:50:33,554 - An ERROR Message
2022-08-24 13:50:33,554 - An ERROR Message
2022-08-24 13:50:33,554 - An ERROR Message
2022-08-24 13:50:33,554 - An ERROR Message
2022-08-24 13:50:33,555 - An ERROR Message
2022-08-24 13:50:33,555 - An ERROR Message
2022-08-24 13:50:33,555 - An ERROR Message
2022-08-24 13:50:33,555 - An ERROR Message
2022-08-24 13:50:33,555 - An ERROR Message
2022-08-24 13:50:33,555 - An ERROR Message
2022-08-24 13:50:33,555 - An ERROR Message
2022-08-24 13:50:33,555 - An ERROR Message
2022-08-24 13:50:33,555 - An ERROR Message
2022-08-24 13:50:33,555 - An ERROR Message
2022-08-24 13:50:33,555 - An ERROR Message
2022-08-24 13:50:33,555 - An ERROR Message
2022-08-24 13:50:33,555 - An ERROR Message
2022-08-24 13:50:33,555 - An ERROR Message
2022-08-24 13:50:33,555 - An ERROR Message
2022-08-24 13:50:33,555 - An ERROR Message
2022-08-24 13:50:33,555 - An ERROR Message
2022-08-24 13:50:33,555 - An ERROR Message
2022-08-24 13:50:33,555 - An ERROR Message
2022-08-24 13:50:33,555 - An ERROR Message
2022-08-24 13:50:33,555 - An ERROR Message
2022-08-24 13:50:33,555 - An ERROR Message
2022-08-24 13:50:33,555 - An ERROR Message
2022-08-24 13:50:33,556 - An ERROR Message
2022-08-24 13:50:33,556 - An ERROR Message
2022-08-24 13:50:33,556 - An ERROR Message
2022-08-24 13:50:33,556 - An ERROR Message
2022-08-24 13:50:33,556 - An ERROR Message
2022-08-24 13:50:33,556 - An ERROR Message
2022-08-24 13:50:33,556 - An ERROR Message
2022-08-24 13:50:33,556 - An ERROR Message
2022-08-24 13:50:33,556 - An ERROR Message
2022-08-24 13:50:33,556 - An ERROR Message
2022-08-24 13:50:33,556 - An ERROR Message
2022-08-24 13:50:33,556 - An ERROR Message
2022-08-24 13:50:33,556 - An ERROR Message
2022-08-24 13:50:33,556 - An ERROR Message
2022-08-24 13:50:33,556 - An ERROR Message
2022-08-24 13:50:33,556 - An ERROR Message
2022-08-24 13:50:33,556 - An ERROR Message
2022-08-24 13:50:33,556 - An ERROR Message
2022-08-24 13:50:33,556 - An ERROR Message
2022-08-24 13:50:33,556 - An ERROR Message
2022-08-24 13:50:33,556 - An ERROR Message
2022-08-24 13:50:33,556 - An ERROR Message
2022-08-24 13:50:33,556 - An ERROR Message
2022-08-24 13:50:33,556 - An ERROR Message
2022-08-24 13:50:33,556 - An ERROR Message
2022-08-24 13:50:33,556 - An ERROR Message
2022-08-24 13:50:33,556 - An ERROR Message
2022-08-24 13:50:33,556 - An ERROR Message
2022-08-24 13:50:33,556 - An ERROR Message
2022-08-24 13:50:33,557 - An ERROR Message
2022-08-24 13:50:33,557 - An ERROR Message
2022-08-24 13:50:33,557 - An ERROR Message
2022-08-24 13:50:33,557 - An ERROR Message
2022-08-24 13:50:33,557 - An ERROR Message
2022-08-24 13:50:33,557 - An ERROR Message
2022-08-24 13:50:33,557 - An ERROR Message
2022-08-24 13:50:33,557 - An ERROR Message
2022-08-24 13:50:33,557 - An ERROR Message
2022-08-24 13:50:33,557 - An ERROR Message
2022-08-24 13:50:33,557 - An ERROR Message
2022-08-24 13:50:33,557 - An ERROR Message
2022-08-24 13:50:33,557 - An ERROR Message
2022-08-24 13:50:33,557 - An ERROR Message
2022-08-24 13:50:33,557 - An ERROR Message
2022-08-24 13:50:33,557 - An ERROR Message
2022-08-24 13:50:33,557 - An ERROR Message
2022-08-24 13:50:57,478 - Application run failed
java.lang.IllegalStateException: java.lang.IllegalStateException: Logback configuration error detected: 
ERROR in ch.qos.logback.core.joran.spi.Interpreter@26:21 - no applicable action for [maxHistory], current ElementPath  is [[configuration][appender][maxHistory]]
ERROR in ch.qos.logback.core.joran.spi.Interpreter@27:23 - no applicable action for [totalSizeCap], current ElementPath  is [[configuration][appender][totalSizeCap]]
	at org.springframework.boot.context.logging.LoggingApplicationListener.initializeSystem(LoggingApplicationListener.java:344)
	at org.springframework.boot.context.logging.LoggingApplicationListener.initialize(LoggingApplicationListener.java:298)
	at org.springframework.boot.context.logging.LoggingApplicationListener.onApplicationEnvironmentPreparedEvent(LoggingApplicationListener.java:246)
	at org.springframework.boot.context.logging.LoggingApplicationListener.onApplicationEvent(LoggingApplicationListener.java:223)
	at org.springframework.context.event.SimpleApplicationEventMulticaster.doInvokeListener(SimpleApplicationEventMulticaster.java:176)
	at org.springframework.context.event.SimpleApplicationEventMulticaster.invokeListener(SimpleApplicationEventMulticaster.java:169)
	at org.springframework.context.event.SimpleApplicationEventMulticaster.multicastEvent(SimpleApplicationEventMulticaster.java:143)
	at org.springframework.context.event.SimpleApplicationEventMulticaster.multicastEvent(SimpleApplicationEventMulticaster.java:131)
	at org.springframework.boot.context.event.EventPublishingRunListener.environmentPrepared(EventPublishingRunListener.java:85)
	at org.springframework.boot.SpringApplicationRunListeners.lambda$environmentPrepared$2(SpringApplicationRunListeners.java:66)
	at java.base/java.util.ArrayList.forEach(ArrayList.java:1511)
	at org.springframework.boot.SpringApplicationRunListeners.doWithListeners(SpringApplicationRunListeners.java:120)
	at org.springframework.boot.SpringApplicationRunListeners.doWithListeners(SpringApplicationRunListeners.java:114)
	at org.springframework.boot.SpringApplicationRunListeners.environmentPrepared(SpringApplicationRunListeners.java:65)
	at org.springframework.boot.SpringApplication.prepareEnvironment(SpringApplication.java:344)
	at org.springframework.boot.SpringApplication.run(SpringApplication.java:302)
	at org.springframework.boot.SpringApplication.run(SpringApplication.java:1306)
	at org.springframework.boot.SpringApplication.run(SpringApplication.java:1295)
	at com.bosonit.BS5Logging.Bs5LoggingApplication.main(Bs5LoggingApplication.java:10)
Caused by: java.lang.IllegalStateException: Logback configuration error detected: 
ERROR in ch.qos.logback.core.joran.spi.Interpreter@26:21 - no applicable action for [maxHistory], current ElementPath  is [[configuration][appender][maxHistory]]
ERROR in ch.qos.logback.core.joran.spi.Interpreter@27:23 - no applicable action for [totalSizeCap], current ElementPath  is [[configuration][appender][totalSizeCap]]
	at org.springframework.boot.logging.logback.LogbackLoggingSystem.loadConfiguration(LogbackLoggingSystem.java:179)
	at org.springframework.boot.logging.AbstractLoggingSystem.initializeWithConventions(AbstractLoggingSystem.java:80)
	at org.springframework.boot.logging.AbstractLoggingSystem.initialize(AbstractLoggingSystem.java:60)
	at org.springframework.boot.logging.logback.LogbackLoggingSystem.initialize(LogbackLoggingSystem.java:132)
	at org.springframework.boot.context.logging.LoggingApplicationListener.initializeSystem(LoggingApplicationListener.java:329)
	... 18 common frames omitted
2022-08-24 13:51:15,617 - An ERROR Message
2022-08-24 13:51:15,618 - An ERROR Message
2022-08-24 13:51:15,618 - An ERROR Message
2022-08-24 13:51:15,618 - An ERROR Message
2022-08-24 13:51:15,618 - An ERROR Message
2022-08-24 13:51:15,618 - An ERROR Message
2022-08-24 13:51:15,618 - An ERROR Message
2022-08-24 13:51:15,618 - An ERROR Message
2022-08-24 13:51:15,618 - An ERROR Message
2022-08-24 13:51:15,618 - An ERROR Message
2022-08-24 13:51:15,618 - An ERROR Message
2022-08-24 13:51:15,618 - An ERROR Message
2022-08-24 13:51:15,618 - An ERROR Message
2022-08-24 13:51:15,618 - An ERROR Message
2022-08-24 13:51:15,618 - An ERROR Message
2022-08-24 13:51:15,618 - An ERROR Message
2022-08-24 13:51:15,618 - An ERROR Message
2022-08-24 13:51:15,618 - An ERROR Message
2022-08-24 13:51:15,618 - An ERROR Message
2022-08-24 13:51:15,618 - An ERROR Message
2022-08-24 13:51:15,618 - An ERROR Message
2022-08-24 13:51:15,618 - An ERROR Message
2022-08-24 13:51:15,618 - An ERROR Message
2022-08-24 13:51:15,618 - An ERROR Message
2022-08-24 13:51:15,618 - An ERROR Message
2022-08-24 13:51:15,618 - An ERROR Message
2022-08-24 13:51:15,618 - An ERROR Message
2022-08-24 13:51:15,618 - An ERROR Message
2022-08-24 13:51:15,618 - An ERROR Message
2022-08-24 13:51:15,619 - An ERROR Message
2022-08-24 13:51:15,619 - An ERROR Message
2022-08-24 13:51:15,619 - An ERROR Message
2022-08-24 13:51:15,619 - An ERROR Message
2022-08-24 13:51:15,619 - An ERROR Message
2022-08-24 13:51:15,619 - An ERROR Message
2022-08-24 13:51:15,619 - An ERROR Message
2022-08-24 13:51:15,619 - An ERROR Message
2022-08-24 13:51:15,619 - An ERROR Message
2022-08-24 13:51:15,619 - An ERROR Message
2022-08-24 13:51:15,619 - An ERROR Message
2022-08-24 13:51:15,619 - An ERROR Message
2022-08-24 13:51:15,619 - An ERROR Message
2022-08-24 13:51:15,619 - An ERROR Message
2022-08-24 13:51:15,619 - An ERROR Message
2022-08-24 13:51:15,619 - An ERROR Message
2022-08-24 13:51:15,619 - An ERROR Message
2022-08-24 13:51:15,619 - An ERROR Message
2022-08-24 13:51:15,619 - An ERROR Message
2022-08-24 13:51:15,619 - An ERROR Message
2022-08-24 13:51:15,619 - An ERROR Message
2022-08-24 13:51:15,619 - An ERROR Message
2022-08-24 13:51:15,619 - An ERROR Message
2022-08-24 13:51:15,619 - An ERROR Message
2022-08-24 13:51:15,619 - An ERROR Message
2022-08-24 13:51:15,619 - An ERROR Message
2022-08-24 13:51:15,619 - An ERROR Message
2022-08-24 13:51:15,619 - An ERROR Message
2022-08-24 13:51:15,619 - An ERROR Message
2022-08-24 13:51:15,619 - An ERROR Message
2022-08-24 13:51:15,619 - An ERROR Message
2022-08-24 13:51:15,619 - An ERROR Message
2022-08-24 13:51:15,619 - An ERROR Message
2022-08-24 13:51:15,619 - An ERROR Message
2022-08-24 13:51:15,619 - An ERROR Message
2022-08-24 13:51:15,619 - An ERROR Message
2022-08-24 13:51:15,619 - An ERROR Message
2022-08-24 13:51:15,619 - An ERROR Message
2022-08-24 13:51:15,619 - An ERROR Message
2022-08-24 13:51:15,620 - An ERROR Message
2022-08-24 13:51:15,620 - An ERROR Message
2022-08-24 13:51:15,620 - An ERROR Message
2022-08-24 13:51:15,620 - An ERROR Message
2022-08-24 13:51:15,620 - An ERROR Message
2022-08-24 13:51:15,620 - An ERROR Message
2022-08-24 13:51:15,620 - An ERROR Message
2022-08-24 13:51:15,620 - An ERROR Message
2022-08-24 13:51:15,620 - An ERROR Message
2022-08-24 13:51:15,620 - An ERROR Message
2022-08-24 13:51:15,620 - An ERROR Message
2022-08-24 13:51:15,620 - An ERROR Message
2022-08-24 13:51:15,620 - An ERROR Message
2022-08-24 13:51:15,620 - An ERROR Message
2022-08-24 13:51:15,620 - An ERROR Message
2022-08-24 13:51:15,620 - An ERROR Message
2022-08-24 13:51:15,620 - An ERROR Message
2022-08-24 13:51:15,620 - An ERROR Message
2022-08-24 13:51:15,620 - An ERROR Message
2022-08-24 13:51:15,620 - An ERROR Message
2022-08-24 13:51:15,620 - An ERROR Message
2022-08-24 13:51:15,620 - An ERROR Message
2022-08-24 13:51:15,620 - An ERROR Message
2022-08-24 13:51:15,620 - An ERROR Message
2022-08-24 13:51:15,620 - An ERROR Message
2022-08-24 13:51:15,620 - An ERROR Message
2022-08-24 13:51:15,620 - An ERROR Message
2022-08-24 13:51:15,620 - An ERROR Message
2022-08-24 13:51:15,620 - An ERROR Message
2022-08-24 13:51:15,620 - An ERROR Message
2022-08-24 13:51:15,620 - An ERROR Message
2022-08-24 13:51:15,620 - An ERROR Message
2022-08-24 13:51:15,620 - An ERROR Message
2022-08-24 13:51:15,662 - An ERROR Message
2022-08-24 13:51:15,662 - An ERROR Message
2022-08-24 13:51:15,662 - An ERROR Message
2022-08-24 13:51:15,662 - An ERROR Message
2022-08-24 13:51:15,662 - An ERROR Message
2022-08-24 13:51:15,662 - An ERROR Message
2022-08-24 13:51:15,663 - An ERROR Message
2022-08-24 13:51:15,663 - An ERROR Message
2022-08-24 13:51:15,663 - An ERROR Message
2022-08-24 13:51:15,663 - An ERROR Message
2022-08-24 13:51:15,663 - An ERROR Message
2022-08-24 13:51:15,663 - An ERROR Message
2022-08-24 13:51:15,663 - An ERROR Message
2022-08-24 13:51:15,663 - An ERROR Message
2022-08-24 13:51:15,663 - An ERROR Message
2022-08-24 13:51:15,663 - An ERROR Message
2022-08-24 13:51:15,663 - An ERROR Message
2022-08-24 13:51:15,663 - An ERROR Message
2022-08-24 13:51:15,663 - An ERROR Message
2022-08-24 13:51:15,663 - An ERROR Message
2022-08-24 13:51:15,663 - An ERROR Message
2022-08-24 13:51:15,663 - An ERROR Message
2022-08-24 13:51:15,663 - An ERROR Message
2022-08-24 13:51:15,663 - An ERROR Message
2022-08-24 13:51:15,665 - An ERROR Message
2022-08-24 13:51:15,665 - An ERROR Message
2022-08-24 13:51:15,665 - An ERROR Message
2022-08-24 13:51:15,665 - An ERROR Message
2022-08-24 13:51:15,665 - An ERROR Message
2022-08-24 13:51:15,665 - An ERROR Message
2022-08-24 13:51:15,665 - An ERROR Message
2022-08-24 13:51:15,665 - An ERROR Message
2022-08-24 13:51:15,665 - An ERROR Message
2022-08-24 13:51:15,666 - An ERROR Message
2022-08-24 13:51:15,666 - An ERROR Message
2022-08-24 13:51:15,666 - An ERROR Message
2022-08-24 13:51:15,666 - An ERROR Message
2022-08-24 13:51:15,666 - An ERROR Message
2022-08-24 13:51:15,666 - An ERROR Message
2022-08-24 13:51:15,666 - An ERROR Message
2022-08-24 13:51:15,666 - An ERROR Message
2022-08-24 13:51:15,666 - An ERROR Message
2022-08-24 13:51:15,666 - An ERROR Message
2022-08-24 13:51:15,666 - An ERROR Message
2022-08-24 13:51:15,666 - An ERROR Message
2022-08-24 13:51:15,666 - An ERROR Message
2022-08-24 13:51:15,666 - An ERROR Message
2022-08-24 13:51:15,666 - An ERROR Message
2022-08-24 13:51:15,666 - An ERROR Message
2022-08-24 13:51:15,666 - An ERROR Message
2022-08-24 13:51:15,666 - An ERROR Message
2022-08-24 13:51:15,666 - An ERROR Message
2022-08-24 13:51:15,666 - An ERROR Message
2022-08-24 13:51:15,666 - An ERROR Message
2022-08-24 13:51:15,666 - An ERROR Message
2022-08-24 13:51:15,666 - An ERROR Message
2022-08-24 13:51:15,666 - An ERROR Message
2022-08-24 13:51:15,666 - An ERROR Message
2022-08-24 13:51:15,666 - An ERROR Message
2022-08-24 13:51:15,666 - An ERROR Message
2022-08-24 13:51:15,666 - An ERROR Message
2022-08-24 13:51:15,666 - An ERROR Message
2022-08-24 13:51:15,666 - An ERROR Message
2022-08-24 13:51:15,666 - An ERROR Message
2022-08-24 13:51:15,666 - An ERROR Message
2022-08-24 13:51:15,667 - An ERROR Message
2022-08-24 13:51:15,667 - An ERROR Message
2022-08-24 13:51:15,667 - An ERROR Message
2022-08-24 13:51:15,667 - An ERROR Message
2022-08-24 13:51:15,667 - An ERROR Message
2022-08-24 13:51:15,667 - An ERROR Message
2022-08-24 13:51:15,667 - An ERROR Message
2022-08-24 13:51:15,667 - An ERROR Message
2022-08-24 13:51:15,667 - An ERROR Message
2022-08-24 13:51:15,667 - An ERROR Message
2022-08-24 13:51:15,667 - An ERROR Message
2022-08-24 13:51:15,667 - An ERROR Message
2022-08-24 13:51:15,667 - An ERROR Message
2022-08-24 13:51:15,667 - An ERROR Message
2022-08-24 13:51:15,667 - An ERROR Message
2022-08-24 13:51:15,667 - An ERROR Message
2022-08-24 13:51:15,667 - An ERROR Message
2022-08-24 13:51:15,667 - An ERROR Message
2022-08-24 13:51:15,667 - An ERROR Message
2022-08-24 13:51:15,667 - An ERROR Message
2022-08-24 13:51:15,667 - An ERROR Message
2022-08-24 13:51:15,667 - An ERROR Message
2022-08-24 13:51:15,667 - An ERROR Message
2022-08-24 13:51:15,667 - An ERROR Message
2022-08-24 13:51:15,667 - An ERROR Message
2022-08-24 13:51:15,667 - An ERROR Message
2022-08-24 13:51:15,667 - An ERROR Message
2022-08-24 13:51:15,667 - An ERROR Message
2022-08-24 13:51:15,667 - An ERROR Message
2022-08-24 13:51:15,667 - An ERROR Message
2022-08-24 13:51:15,667 - An ERROR Message
2022-08-24 13:51:15,667 - An ERROR Message
2022-08-24 13:51:15,667 - An ERROR Message
2022-08-24 13:51:15,667 - An ERROR Message
2022-08-24 13:51:15,667 - An ERROR Message
2022-08-24 13:51:15,667 - An ERROR Message
2022-08-24 13:51:15,872 - An ERROR Message
2022-08-24 13:51:15,872 - An ERROR Message
2022-08-24 13:51:15,872 - An ERROR Message
2022-08-24 13:51:15,872 - An ERROR Message
2022-08-24 13:51:15,872 - An ERROR Message
2022-08-24 13:51:15,872 - An ERROR Message
2022-08-24 13:51:15,872 - An ERROR Message
2022-08-24 13:51:15,872 - An ERROR Message
2022-08-24 13:51:15,872 - An ERROR Message
2022-08-24 13:51:15,872 - An ERROR Message
2022-08-24 13:51:15,872 - An ERROR Message
2022-08-24 13:51:15,872 - An ERROR Message
2022-08-24 13:51:15,872 - An ERROR Message
2022-08-24 13:51:15,872 - An ERROR Message
2022-08-24 13:51:15,872 - An ERROR Message
2022-08-24 13:51:15,872 - An ERROR Message
2022-08-24 13:51:15,872 - An ERROR Message
2022-08-24 13:51:15,872 - An ERROR Message
2022-08-24 13:51:15,872 - An ERROR Message
2022-08-24 13:51:15,872 - An ERROR Message
2022-08-24 13:51:15,872 - An ERROR Message
2022-08-24 13:51:15,872 - An ERROR Message
2022-08-24 13:51:15,872 - An ERROR Message
2022-08-24 13:51:15,872 - An ERROR Message
2022-08-24 13:51:15,873 - An ERROR Message
2022-08-24 13:51:15,873 - An ERROR Message
2022-08-24 13:51:15,873 - An ERROR Message
2022-08-24 13:51:15,873 - An ERROR Message
2022-08-24 13:51:15,873 - An ERROR Message
2022-08-24 13:51:15,873 - An ERROR Message
2022-08-24 13:51:15,873 - An ERROR Message
2022-08-24 13:51:15,873 - An ERROR Message
2022-08-24 13:51:15,873 - An ERROR Message
2022-08-24 13:51:15,873 - An ERROR Message
2022-08-24 13:51:15,873 - An ERROR Message
2022-08-24 13:51:15,873 - An ERROR Message
2022-08-24 13:51:15,873 - An ERROR Message
2022-08-24 13:51:15,873 - An ERROR Message
2022-08-24 13:51:15,873 - An ERROR Message
2022-08-24 13:51:15,873 - An ERROR Message
2022-08-24 13:51:15,873 - An ERROR Message
2022-08-24 13:51:15,873 - An ERROR Message
2022-08-24 13:51:15,873 - An ERROR Message
2022-08-24 13:51:15,873 - An ERROR Message
2022-08-24 13:51:15,873 - An ERROR Message
2022-08-24 13:51:15,873 - An ERROR Message
2022-08-24 13:51:15,873 - An ERROR Message
2022-08-24 13:51:15,873 - An ERROR Message
2022-08-24 13:51:15,873 - An ERROR Message
2022-08-24 13:51:15,873 - An ERROR Message
2022-08-24 13:51:15,873 - An ERROR Message
2022-08-24 13:51:15,873 - An ERROR Message
2022-08-24 13:51:15,873 - An ERROR Message
2022-08-24 13:51:15,873 - An ERROR Message
2022-08-24 13:51:15,873 - An ERROR Message
2022-08-24 13:51:15,873 - An ERROR Message
2022-08-24 13:51:15,873 - An ERROR Message
2022-08-24 13:51:15,873 - An ERROR Message
2022-08-24 13:51:15,873 - An ERROR Message
2022-08-24 13:51:15,873 - An ERROR Message
2022-08-24 13:51:15,873 - An ERROR Message
2022-08-24 13:51:15,873 - An ERROR Message
2022-08-24 13:51:15,873 - An ERROR Message
2022-08-24 13:51:15,873 - An ERROR Message
2022-08-24 13:51:15,873 - An ERROR Message
2022-08-24 13:51:15,873 - An ERROR Message
2022-08-24 13:51:15,873 - An ERROR Message
2022-08-24 13:51:15,873 - An ERROR Message
2022-08-24 13:51:15,873 - An ERROR Message
2022-08-24 13:51:15,873 - An ERROR Message
2022-08-24 13:51:15,873 - An ERROR Message
2022-08-24 13:51:15,873 - An ERROR Message
2022-08-24 13:51:15,873 - An ERROR Message
2022-08-24 13:51:15,873 - An ERROR Message
2022-08-24 13:51:15,873 - An ERROR Message
2022-08-24 13:51:15,873 - An ERROR Message
2022-08-24 13:51:15,873 - An ERROR Message
2022-08-24 13:51:15,873 - An ERROR Message
2022-08-24 13:51:15,873 - An ERROR Message
2022-08-24 13:51:15,873 - An ERROR Message
2022-08-24 13:51:15,873 - An ERROR Message
2022-08-24 13:51:15,873 - An ERROR Message
2022-08-24 13:51:15,873 - An ERROR Message
2022-08-24 13:51:15,873 - An ERROR Message
2022-08-24 13:51:15,873 - An ERROR Message
2022-08-24 13:51:15,873 - An ERROR Message
2022-08-24 13:51:15,873 - An ERROR Message
2022-08-24 13:51:15,873 - An ERROR Message
2022-08-24 13:51:15,873 - An ERROR Message
2022-08-24 13:51:15,873 - An ERROR Message
2022-08-24 13:51:15,873 - An ERROR Message
2022-08-24 13:51:15,874 - An ERROR Message
2022-08-24 13:51:15,874 - An ERROR Message
2022-08-24 13:51:15,874 - An ERROR Message
2022-08-24 13:51:15,874 - An ERROR Message
2022-08-24 13:51:15,874 - An ERROR Message
2022-08-24 13:51:15,874 - An ERROR Message
2022-08-24 13:51:15,874 - An ERROR Message
2022-08-24 13:51:15,874 - An ERROR Message
2022-08-24 13:51:15,874 - An ERROR Message
2022-08-24 13:51:15,874 - An ERROR Message
2022-08-24 13:51:16,455 - An ERROR Message
2022-08-24 13:51:16,456 - An ERROR Message
2022-08-24 13:51:16,456 - An ERROR Message
2022-08-24 13:51:16,456 - An ERROR Message
2022-08-24 13:51:16,456 - An ERROR Message
2022-08-24 13:51:16,456 - An ERROR Message
2022-08-24 13:51:16,456 - An ERROR Message
2022-08-24 13:51:16,456 - An ERROR Message
2022-08-24 13:51:16,456 - An ERROR Message
2022-08-24 13:51:16,456 - An ERROR Message
2022-08-24 13:51:16,456 - An ERROR Message
2022-08-24 13:51:16,456 - An ERROR Message
2022-08-24 13:51:16,456 - An ERROR Message
2022-08-24 13:51:16,456 - An ERROR Message
2022-08-24 13:51:16,456 - An ERROR Message
2022-08-24 13:51:16,456 - An ERROR Message
2022-08-24 13:51:16,456 - An ERROR Message
2022-08-24 13:51:16,456 - An ERROR Message
2022-08-24 13:51:16,456 - An ERROR Message
2022-08-24 13:51:16,456 - An ERROR Message
2022-08-24 13:51:16,456 - An ERROR Message
2022-08-24 13:51:16,456 - An ERROR Message
2022-08-24 13:51:16,456 - An ERROR Message
2022-08-24 13:51:16,456 - An ERROR Message
2022-08-24 13:51:16,456 - An ERROR Message
2022-08-24 13:51:16,456 - An ERROR Message
2022-08-24 13:51:16,456 - An ERROR Message
2022-08-24 13:51:16,457 - An ERROR Message
2022-08-24 13:51:16,457 - An ERROR Message
2022-08-24 13:51:16,457 - An ERROR Message
2022-08-24 13:51:16,457 - An ERROR Message
2022-08-24 13:51:16,457 - An ERROR Message
2022-08-24 13:51:16,457 - An ERROR Message
2022-08-24 13:51:16,457 - An ERROR Message
2022-08-24 13:51:16,457 - An ERROR Message
2022-08-24 13:51:16,457 - An ERROR Message
2022-08-24 13:51:16,457 - An ERROR Message
2022-08-24 13:51:16,457 - An ERROR Message
2022-08-24 13:51:16,457 - An ERROR Message
2022-08-24 13:51:16,457 - An ERROR Message
2022-08-24 13:51:16,457 - An ERROR Message
2022-08-24 13:51:16,457 - An ERROR Message
2022-08-24 13:51:16,457 - An ERROR Message
2022-08-24 13:51:16,457 - An ERROR Message
2022-08-24 13:51:16,457 - An ERROR Message
2022-08-24 13:51:16,457 - An ERROR Message
2022-08-24 13:51:16,457 - An ERROR Message
2022-08-24 13:51:16,457 - An ERROR Message
2022-08-24 13:51:16,457 - An ERROR Message
2022-08-24 13:51:16,457 - An ERROR Message
2022-08-24 13:51:16,457 - An ERROR Message
2022-08-24 13:51:16,457 - An ERROR Message
2022-08-24 13:51:16,457 - An ERROR Message
2022-08-24 13:51:16,457 - An ERROR Message
2022-08-24 13:51:16,457 - An ERROR Message
2022-08-24 13:51:16,457 - An ERROR Message
2022-08-24 13:51:16,457 - An ERROR Message
2022-08-24 13:51:16,457 - An ERROR Message
2022-08-24 13:51:16,457 - An ERROR Message
2022-08-24 13:51:16,457 - An ERROR Message
2022-08-24 13:51:16,457 - An ERROR Message
2022-08-24 13:51:16,457 - An ERROR Message
2022-08-24 13:51:16,457 - An ERROR Message
2022-08-24 13:51:16,458 - An ERROR Message
2022-08-24 13:51:16,458 - An ERROR Message
2022-08-24 13:51:16,458 - An ERROR Message
2022-08-24 13:51:16,458 - An ERROR Message
2022-08-24 13:51:16,458 - An ERROR Message
2022-08-24 13:51:16,458 - An ERROR Message
2022-08-24 13:51:16,458 - An ERROR Message
2022-08-24 13:51:16,458 - An ERROR Message
2022-08-24 13:51:16,458 - An ERROR Message
2022-08-24 13:51:16,458 - An ERROR Message
2022-08-24 13:51:16,458 - An ERROR Message
2022-08-24 13:51:16,458 - An ERROR Message
2022-08-24 13:51:16,458 - An ERROR Message
2022-08-24 13:51:16,458 - An ERROR Message
2022-08-24 13:51:16,458 - An ERROR Message
2022-08-24 13:51:16,458 - An ERROR Message
2022-08-24 13:51:16,458 - An ERROR Message
2022-08-24 13:51:16,458 - An ERROR Message
2022-08-24 13:51:16,458 - An ERROR Message
2022-08-24 13:51:16,458 - An ERROR Message
2022-08-24 13:51:16,458 - An ERROR Message
2022-08-24 13:51:16,458 - An ERROR Message
2022-08-24 13:51:16,458 - An ERROR Message
2022-08-24 13:51:16,458 - An ERROR Message
2022-08-24 13:51:16,458 - An ERROR Message
2022-08-24 13:51:16,458 - An ERROR Message
2022-08-24 13:51:16,458 - An ERROR Message
2022-08-24 13:51:16,458 - An ERROR Message
2022-08-24 13:51:16,458 - An ERROR Message
2022-08-24 13:51:16,458 - An ERROR Message
2022-08-24 13:51:16,458 - An ERROR Message
2022-08-24 13:51:16,458 - An ERROR Message
2022-08-24 13:51:16,458 - An ERROR Message
2022-08-24 13:51:16,458 - An ERROR Message
2022-08-24 13:51:16,458 - An ERROR Message
2022-08-24 13:51:16,459 - An ERROR Message
2022-08-24 13:51:16,459 - An ERROR Message
2022-08-24 13:51:16,459 - An ERROR Message
2022-08-24 13:51:16,606 - An ERROR Message
2022-08-24 13:51:16,606 - An ERROR Message
2022-08-24 13:51:16,606 - An ERROR Message
2022-08-24 13:51:16,607 - An ERROR Message
2022-08-24 13:51:16,607 - An ERROR Message
2022-08-24 13:51:16,607 - An ERROR Message
2022-08-24 13:51:16,607 - An ERROR Message
2022-08-24 13:51:16,607 - An ERROR Message
2022-08-24 13:51:16,607 - An ERROR Message
2022-08-24 13:51:16,607 - An ERROR Message
2022-08-24 13:51:16,607 - An ERROR Message
2022-08-24 13:51:16,607 - An ERROR Message
2022-08-24 13:51:16,607 - An ERROR Message
2022-08-24 13:51:16,607 - An ERROR Message
2022-08-24 13:51:16,607 - An ERROR Message
2022-08-24 13:51:16,607 - An ERROR Message
2022-08-24 13:51:16,607 - An ERROR Message
2022-08-24 13:51:16,607 - An ERROR Message
2022-08-24 13:51:16,607 - An ERROR Message
2022-08-24 13:51:16,607 - An ERROR Message
2022-08-24 13:51:16,607 - An ERROR Message
2022-08-24 13:51:16,607 - An ERROR Message
2022-08-24 13:51:16,607 - An ERROR Message
2022-08-24 13:51:16,607 - An ERROR Message
2022-08-24 13:51:16,607 - An ERROR Message
2022-08-24 13:51:16,607 - An ERROR Message
2022-08-24 13:51:16,607 - An ERROR Message
2022-08-24 13:51:16,607 - An ERROR Message
2022-08-24 13:51:16,607 - An ERROR Message
2022-08-24 13:51:16,607 - An ERROR Message
2022-08-24 13:51:16,607 - An ERROR Message
2022-08-24 13:51:16,607 - An ERROR Message
2022-08-24 13:51:16,607 - An ERROR Message
2022-08-24 13:51:16,607 - An ERROR Message
2022-08-24 13:51:16,607 - An ERROR Message
2022-08-24 13:51:16,608 - An ERROR Message
2022-08-24 13:51:16,608 - An ERROR Message
2022-08-24 13:51:16,608 - An ERROR Message
2022-08-24 13:51:16,608 - An ERROR Message
2022-08-24 13:51:16,608 - An ERROR Message
2022-08-24 13:51:16,608 - An ERROR Message
2022-08-24 13:51:16,608 - An ERROR Message
2022-08-24 13:51:16,608 - An ERROR Message
2022-08-24 13:51:16,608 - An ERROR Message
2022-08-24 13:51:16,608 - An ERROR Message
2022-08-24 13:51:16,608 - An ERROR Message
2022-08-24 13:51:16,608 - An ERROR Message
2022-08-24 13:51:16,608 - An ERROR Message
2022-08-24 13:51:16,608 - An ERROR Message
2022-08-24 13:51:16,608 - An ERROR Message
2022-08-24 13:51:16,608 - An ERROR Message
2022-08-24 13:51:16,608 - An ERROR Message
2022-08-24 13:51:16,608 - An ERROR Message
2022-08-24 13:51:16,608 - An ERROR Message
2022-08-24 13:51:16,608 - An ERROR Message
2022-08-24 13:51:16,608 - An ERROR Message
2022-08-24 13:51:16,608 - An ERROR Message
2022-08-24 13:51:16,608 - An ERROR Message
2022-08-24 13:51:16,608 - An ERROR Message
2022-08-24 13:51:16,608 - An ERROR Message
2022-08-24 13:51:16,608 - An ERROR Message
2022-08-24 13:51:16,608 - An ERROR Message
2022-08-24 13:51:16,608 - An ERROR Message
2022-08-24 13:51:16,609 - An ERROR Message
2022-08-24 13:51:16,609 - An ERROR Message
2022-08-24 13:51:16,609 - An ERROR Message
2022-08-24 13:51:16,609 - An ERROR Message
2022-08-24 13:51:16,609 - An ERROR Message
2022-08-24 13:51:16,609 - An ERROR Message
2022-08-24 13:51:16,609 - An ERROR Message
2022-08-24 13:51:16,609 - An ERROR Message
2022-08-24 13:51:16,609 - An ERROR Message
2022-08-24 13:51:16,609 - An ERROR Message
2022-08-24 13:51:16,609 - An ERROR Message
2022-08-24 13:51:16,609 - An ERROR Message
2022-08-24 13:51:16,609 - An ERROR Message
2022-08-24 13:51:16,609 - An ERROR Message
2022-08-24 13:51:16,609 - An ERROR Message
2022-08-24 13:51:16,609 - An ERROR Message
2022-08-24 13:51:16,609 - An ERROR Message
2022-08-24 13:51:16,609 - An ERROR Message
2022-08-24 13:51:16,609 - An ERROR Message
2022-08-24 13:51:16,609 - An ERROR Message
2022-08-24 13:51:16,609 - An ERROR Message
2022-08-24 13:51:16,609 - An ERROR Message
2022-08-24 13:51:16,609 - An ERROR Message
2022-08-24 13:51:16,609 - An ERROR Message
2022-08-24 13:51:16,609 - An ERROR Message
2022-08-24 13:51:16,609 - An ERROR Message
2022-08-24 13:51:16,610 - An ERROR Message
2022-08-24 13:51:16,610 - An ERROR Message
2022-08-24 13:51:16,610 - An ERROR Message
2022-08-24 13:51:16,610 - An ERROR Message
2022-08-24 13:51:16,610 - An ERROR Message
2022-08-24 13:51:16,610 - An ERROR Message
2022-08-24 13:51:16,610 - An ERROR Message
2022-08-24 13:51:16,610 - An ERROR Message
2022-08-24 13:51:16,610 - An ERROR Message
2022-08-24 13:51:16,610 - An ERROR Message
2022-08-24 13:51:16,610 - An ERROR Message
2022-08-24 13:51:16,610 - An ERROR Message
